13:21:47.224 INFO [main] org.lenskit.cli.Main: Starting LensKit 3.0-M1 on Java 1.8.0_181 from Oracle Corporation
13:21:47.253 DEBUG [main] org.lenskit.LenskitInfo: have 5573 active revisions
13:21:47.263 DEBUG [main] org.lenskit.cli.Main: Built from Git revision c0210fa3281ef8b15b0959bcd5fced43c5fec38a
13:21:47.264 DEBUG [main] org.lenskit.cli.Main: Using VM 'Java HotSpot(TM) 64-Bit Server VM' version 25.181-b13 from Oracle Corporation
13:21:47.264 INFO [main] org.lenskit.cli.Main: Have 4 processors and heap limit of 1820 MiB
13:21:47.286 INFO [main] org.lenskit.cli.util.RecommenderLoader: creating fresh recommender
13:21:47.764 INFO [main] org.lenskit.config.ConfigurationLoader: loading script from file:/Users/ichaehyeon/My_Documents/GithubProjects/study/Coursera/Recommender_Systems/1_Non-Personalized_and_Content-Based/assignment2_honor/cbf-assignment/etc/basic.groovy
13:21:48.550 DEBUG [main] org.lenskit.data.dao.file.TextEntitySource: loading source ratings with base URI file:/Users/ichaehyeon/My_Documents/GithubProjects/study/Coursera/Recommender_Systems/1_Non-Personalized_and_Content-Based/assignment2_honor/cbf-assignment/data/movielens.yml
13:21:48.550 DEBUG [main] org.lenskit.data.dao.file.TextEntitySource: resolved file URI: file:/Users/ichaehyeon/My_Documents/GithubProjects/study/Coursera/Recommender_Systems/1_Non-Personalized_and_Content-Based/assignment2_honor/cbf-assignment/data/ratings.csv
13:21:48.560 INFO [main] org.lenskit.data.dao.file.TextEntitySource: loading text file source ratings to read from file:/Users/ichaehyeon/My_Documents/GithubProjects/study/Coursera/Recommender_Systems/1_Non-Personalized_and_Content-Based/assignment2_honor/cbf-assignment/data/ratings.csv
13:21:48.567 DEBUG [main] org.lenskit.data.dao.file.TextEntitySource: ratings: using delimiter ,
13:21:48.567 DEBUG [main] org.lenskit.data.dao.file.TextEntitySource: ratings: reading header
13:21:48.567 DEBUG [main] org.lenskit.data.dao.file.TextEntitySource: ratings: reading entities of type EntityType[rating]
13:21:48.614 DEBUG [main] org.lenskit.data.dao.file.TextEntitySource: class org.lenskit.data.ratings.RatingBuilder: using entity builder {}
13:21:48.614 DEBUG [main] org.lenskit.data.dao.file.TextEntitySource: loading source movies with base URI file:/Users/ichaehyeon/My_Documents/GithubProjects/study/Coursera/Recommender_Systems/1_Non-Personalized_and_Content-Based/assignment2_honor/cbf-assignment/data/movielens.yml
13:21:48.614 DEBUG [main] org.lenskit.data.dao.file.TextEntitySource: resolved file URI: file:/Users/ichaehyeon/My_Documents/GithubProjects/study/Coursera/Recommender_Systems/1_Non-Personalized_and_Content-Based/assignment2_honor/cbf-assignment/data/movies.csv
13:21:48.614 INFO [main] org.lenskit.data.dao.file.TextEntitySource: loading text file source movies to read from file:/Users/ichaehyeon/My_Documents/GithubProjects/study/Coursera/Recommender_Systems/1_Non-Personalized_and_Content-Based/assignment2_honor/cbf-assignment/data/movies.csv
13:21:48.614 DEBUG [main] org.lenskit.data.dao.file.TextEntitySource: movies: using delimiter ,
13:21:48.614 DEBUG [main] org.lenskit.data.dao.file.TextEntitySource: movies: reading header
13:21:48.614 DEBUG [main] org.lenskit.data.dao.file.TextEntitySource: movies: reading entities of type EntityType[item]
13:21:48.615 DEBUG [main] org.lenskit.data.dao.file.TextEntitySource: class org.lenskit.data.entities.BasicEntityBuilder: using entity builder {}
13:21:48.615 DEBUG [main] org.lenskit.data.dao.file.TextEntitySource: loading source tags with base URI file:/Users/ichaehyeon/My_Documents/GithubProjects/study/Coursera/Recommender_Systems/1_Non-Personalized_and_Content-Based/assignment2_honor/cbf-assignment/data/movielens.yml
13:21:48.615 DEBUG [main] org.lenskit.data.dao.file.TextEntitySource: resolved file URI: file:/Users/ichaehyeon/My_Documents/GithubProjects/study/Coursera/Recommender_Systems/1_Non-Personalized_and_Content-Based/assignment2_honor/cbf-assignment/data/tags.csv
13:21:48.615 INFO [main] org.lenskit.data.dao.file.TextEntitySource: loading text file source tags to read from file:/Users/ichaehyeon/My_Documents/GithubProjects/study/Coursera/Recommender_Systems/1_Non-Personalized_and_Content-Based/assignment2_honor/cbf-assignment/data/tags.csv
13:21:48.615 DEBUG [main] org.lenskit.data.dao.file.TextEntitySource: tags: using delimiter ,
13:21:48.615 DEBUG [main] org.lenskit.data.dao.file.TextEntitySource: tags: reading header
13:21:48.615 DEBUG [main] org.lenskit.data.dao.file.TextEntitySource: tags: reading entities of type EntityType[item-tag]
13:21:48.619 DEBUG [main] org.lenskit.data.dao.file.TextEntitySource: class org.lenskit.data.entities.BasicEntityBuilder: using entity builder {}
13:21:48.627 DEBUG [main] org.lenskit.LenskitRecommenderEngineBuilder: building graph from 3 configurations
13:21:48.725 DEBUG [main] org.lenskit.inject.RecommenderInstantiator: replacing nodes in graph with 14 nodes
13:21:48.734 DEBUG [main] org.lenskit.inject.RecommenderInstantiator: found 4 shared nodes
13:21:50.739 INFO [main] org.lenskit.data.dao.file.StaticDataSource: deriving entity type EntityType[user] from EntityType[rating] (column TypedName[user: long])
13:21:50.869 INFO [main] org.lenskit.data.dao.file.StaticDataSource: deriving entity type EntityType[item] from EntityType[rating] (column TypedName[item: long])
13:21:50.944 INFO [main] org.lenskit.data.dao.file.StaticDataSource: deriving entity type EntityType[user] from EntityType[item-tag] (column TypedName[user: long])
13:21:50.982 INFO [main] org.lenskit.data.dao.file.StaticDataSource: deriving entity type EntityType[item] from EntityType[item-tag] (column TypedName[item: long])
13:21:51.022 DEBUG [main] org.lenskit.data.entities.EntityCollectionBuilder: built collection of 2500 entities with type EntityType[item] and 2 indexes
13:21:51.065 DEBUG [main] org.lenskit.data.entities.EntityCollectionBuilder: built collection of 264505 entities with type EntityType[rating] and 2 indexes
13:21:51.087 DEBUG [main] org.lenskit.data.entities.EntityCollectionBuilder: built collection of 94875 entities with type EntityType[item-tag] and 2 indexes
13:21:51.089 DEBUG [main] org.lenskit.data.entities.EntityCollectionBuilder: built collection of 862 entities with type EntityType[user] and 2 indexes
13:21:51.096 INFO [main] org.lenskit.mooc.cbf.TFIDFModelProvider: Building TF-IDF model
13:21:51.243 INFO [main] org.lenskit.mooc.cbf.TFIDFModelProvider: Computed TF vectors for 2500 items
13:21:51.316 DEBUG [main] org.lenskit.inject.RecommenderInstantiator: final graph has 14 nodes
13:21:51.318 INFO [main] org.lenskit.cli.util.RecommenderLoader: built recommender in 2.692 s
13:21:51.327 INFO [main] org.lenskit.cli.commands.Recommend: recommending for 1 users
13:21:51.339 DEBUG [main] org.lenskit.basic.TopNItemRecommender: computing effective candidates for user 320 from 2500 candidates and 62 excluded items
13:21:51.342 DEBUG [main] org.lenskit.basic.TopNItemRecommender: Computing 10 recommendations for user 320 from 2438 candidates
13:21:51.758 INFO [main] org.lenskit.cli.commands.Recommend: recommended for 1 users in 430.0 ms
13:21:51.758 INFO [main] org.lenskit.cli.Main: If you use LensKit in published research, please see http://lenskit.org/research/
