19:58:21.450 INFO [main] org.lenskit.cli.Main: Starting LensKit 3.0-M1 on Java 1.8.0_181 from Oracle Corporation
19:58:21.493 DEBUG [main] org.lenskit.LenskitInfo: have 5573 active revisions
19:58:21.504 DEBUG [main] org.lenskit.cli.Main: Built from Git revision c0210fa3281ef8b15b0959bcd5fced43c5fec38a
19:58:21.504 DEBUG [main] org.lenskit.cli.Main: Using VM 'Java HotSpot(TM) 64-Bit Server VM' version 25.181-b13 from Oracle Corporation
19:58:21.504 INFO [main] org.lenskit.cli.Main: Have 4 processors and heap limit of 1820 MiB
19:58:21.535 INFO [main] org.lenskit.cli.util.RecommenderLoader: creating fresh recommender
19:58:21.974 INFO [main] org.lenskit.config.ConfigurationLoader: loading script from file:/Users/ichaehyeon/문서_디스크/문서들/Recommender_Systems_PPT/Course1/week2/assignment/nonpers-assignment/etc/lift-assoc.groovy
19:58:22.640 DEBUG [main] org.lenskit.data.dao.file.TextEntitySource: loading source ratings with base URI file:/Users/ichaehyeon/문서_디스크/문서들/Recommender_Systems_PPT/Course1/week2/assignment/nonpers-assignment/data/movielens.yml
19:58:22.640 DEBUG [main] org.lenskit.data.dao.file.TextEntitySource: resolved file URI: file:/Users/ichaehyeon/문서_디스크/문서들/Recommender_Systems_PPT/Course1/week2/assignment/nonpers-assignment/data/ratings.csv
19:58:22.653 INFO [main] org.lenskit.data.dao.file.TextEntitySource: loading text file source ratings to read from file:/Users/ichaehyeon/문서_디스크/문서들/Recommender_Systems_PPT/Course1/week2/assignment/nonpers-assignment/data/ratings.csv
19:58:22.658 DEBUG [main] org.lenskit.data.dao.file.TextEntitySource: ratings: using delimiter ,
19:58:22.658 DEBUG [main] org.lenskit.data.dao.file.TextEntitySource: ratings: reading header
19:58:22.658 DEBUG [main] org.lenskit.data.dao.file.TextEntitySource: ratings: reading entities of type EntityType[rating]
19:58:22.708 DEBUG [main] org.lenskit.data.dao.file.TextEntitySource: class org.lenskit.data.ratings.RatingBuilder: using entity builder {}
19:58:22.708 DEBUG [main] org.lenskit.data.dao.file.TextEntitySource: loading source movies with base URI file:/Users/ichaehyeon/문서_디스크/문서들/Recommender_Systems_PPT/Course1/week2/assignment/nonpers-assignment/data/movielens.yml
19:58:22.708 DEBUG [main] org.lenskit.data.dao.file.TextEntitySource: resolved file URI: file:/Users/ichaehyeon/문서_디스크/문서들/Recommender_Systems_PPT/Course1/week2/assignment/nonpers-assignment/data/movies.csv
19:58:22.709 INFO [main] org.lenskit.data.dao.file.TextEntitySource: loading text file source movies to read from file:/Users/ichaehyeon/문서_디스크/문서들/Recommender_Systems_PPT/Course1/week2/assignment/nonpers-assignment/data/movies.csv
19:58:22.709 DEBUG [main] org.lenskit.data.dao.file.TextEntitySource: movies: using delimiter ,
19:58:22.709 DEBUG [main] org.lenskit.data.dao.file.TextEntitySource: movies: reading header
19:58:22.709 DEBUG [main] org.lenskit.data.dao.file.TextEntitySource: movies: reading entities of type EntityType[item]
19:58:22.710 DEBUG [main] org.lenskit.data.dao.file.TextEntitySource: class org.lenskit.data.entities.BasicEntityBuilder: using entity builder {}
19:58:22.710 DEBUG [main] org.lenskit.data.dao.file.TextEntitySource: loading source tags with base URI file:/Users/ichaehyeon/문서_디스크/문서들/Recommender_Systems_PPT/Course1/week2/assignment/nonpers-assignment/data/movielens.yml
19:58:22.710 DEBUG [main] org.lenskit.data.dao.file.TextEntitySource: resolved file URI: file:/Users/ichaehyeon/문서_디스크/문서들/Recommender_Systems_PPT/Course1/week2/assignment/nonpers-assignment/data/tags.csv
19:58:22.711 INFO [main] org.lenskit.data.dao.file.TextEntitySource: loading text file source tags to read from file:/Users/ichaehyeon/문서_디스크/문서들/Recommender_Systems_PPT/Course1/week2/assignment/nonpers-assignment/data/tags.csv
19:58:22.711 DEBUG [main] org.lenskit.data.dao.file.TextEntitySource: tags: using delimiter ,
19:58:22.712 DEBUG [main] org.lenskit.data.dao.file.TextEntitySource: tags: reading header
19:58:22.712 DEBUG [main] org.lenskit.data.dao.file.TextEntitySource: tags: reading entities of type EntityType[item-tag]
19:58:22.712 DEBUG [main] org.lenskit.data.dao.file.TextEntitySource: class org.lenskit.data.entities.BasicEntityBuilder: using entity builder {}
19:58:22.716 DEBUG [main] org.lenskit.LenskitRecommenderEngineBuilder: building graph from 3 configurations
19:58:22.791 DEBUG [main] org.lenskit.inject.RecommenderInstantiator: replacing nodes in graph with 9 nodes
19:58:22.796 DEBUG [main] org.lenskit.inject.RecommenderInstantiator: found 5 shared nodes
19:58:24.888 INFO [main] org.lenskit.data.dao.file.StaticDataSource: deriving entity type EntityType[user] from EntityType[rating] (column TypedName[user: long])
19:58:25.024 INFO [main] org.lenskit.data.dao.file.StaticDataSource: deriving entity type EntityType[item] from EntityType[rating] (column TypedName[item: long])
19:58:25.065 DEBUG [main] org.lenskit.data.entities.EntityCollectionBuilder: built collection of 2500 entities with type EntityType[item] and 2 indexes
19:58:25.101 DEBUG [main] org.lenskit.data.entities.EntityCollectionBuilder: built collection of 264505 entities with type EntityType[rating] and 2 indexes
19:58:25.118 DEBUG [main] org.lenskit.data.entities.EntityCollectionBuilder: built collection of 94875 entities with type EntityType[item-tag] and 2 indexes
19:58:25.118 DEBUG [main] org.lenskit.data.entities.EntityCollectionBuilder: built collection of 862 entities with type EntityType[user] and 2 indexes
19:58:57.367 DEBUG [main] org.lenskit.mooc.nonpers.assoc.AssociationModel: transforming input map for 2500 items into log data
19:58:57.688 DEBUG [main] org.lenskit.inject.RecommenderInstantiator: final graph has 9 nodes
19:58:57.690 INFO [main] org.lenskit.cli.util.RecommenderLoader: built recommender in 34.97 s
19:58:57.695 INFO [main] org.lenskit.cli.commands.GlobalRecommend: using 1 reference items: [2761]
19:58:57.718 INFO [main] org.lenskit.cli.commands.GlobalRecommend: recommended in 23.10 ms
19:58:57.719 INFO [main] org.lenskit.cli.Main: If you use LensKit in published research, please see http://lenskit.org/research/
