19:46:58.700 INFO [main] org.lenskit.cli.Main: Starting LensKit 3.0-M1 on Java 1.8.0_181 from Oracle Corporation
19:46:58.748 DEBUG [main] org.lenskit.LenskitInfo: have 5573 active revisions
19:46:58.755 DEBUG [main] org.lenskit.cli.Main: Built from Git revision c0210fa3281ef8b15b0959bcd5fced43c5fec38a
19:46:58.755 DEBUG [main] org.lenskit.cli.Main: Using VM 'Java HotSpot(TM) 64-Bit Server VM' version 25.181-b13 from Oracle Corporation
19:46:58.756 INFO [main] org.lenskit.cli.Main: Have 4 processors and heap limit of 1820 MiB
19:46:58.780 INFO [main] org.lenskit.cli.util.RecommenderLoader: creating fresh recommender
19:46:59.258 INFO [main] org.lenskit.config.ConfigurationLoader: loading script from file:/Users/ichaehyeon/문서_디스크/문서들/Recommender_Systems_PPT/Course1/week2/assignment/nonpers-assignment/etc/mean.groovy
19:47:00.021 DEBUG [main] org.lenskit.data.dao.file.TextEntitySource: loading source ratings with base URI file:/Users/ichaehyeon/문서_디스크/문서들/Recommender_Systems_PPT/Course1/week2/assignment/nonpers-assignment/data/movielens.yml
19:47:00.021 DEBUG [main] org.lenskit.data.dao.file.TextEntitySource: resolved file URI: file:/Users/ichaehyeon/문서_디스크/문서들/Recommender_Systems_PPT/Course1/week2/assignment/nonpers-assignment/data/ratings.csv
19:47:00.037 INFO [main] org.lenskit.data.dao.file.TextEntitySource: loading text file source ratings to read from file:/Users/ichaehyeon/문서_디스크/문서들/Recommender_Systems_PPT/Course1/week2/assignment/nonpers-assignment/data/ratings.csv
19:47:00.051 DEBUG [main] org.lenskit.data.dao.file.TextEntitySource: ratings: using delimiter ,
19:47:00.051 DEBUG [main] org.lenskit.data.dao.file.TextEntitySource: ratings: reading header
19:47:00.051 DEBUG [main] org.lenskit.data.dao.file.TextEntitySource: ratings: reading entities of type EntityType[rating]
19:47:00.116 DEBUG [main] org.lenskit.data.dao.file.TextEntitySource: class org.lenskit.data.ratings.RatingBuilder: using entity builder {}
19:47:00.116 DEBUG [main] org.lenskit.data.dao.file.TextEntitySource: loading source movies with base URI file:/Users/ichaehyeon/문서_디스크/문서들/Recommender_Systems_PPT/Course1/week2/assignment/nonpers-assignment/data/movielens.yml
19:47:00.116 DEBUG [main] org.lenskit.data.dao.file.TextEntitySource: resolved file URI: file:/Users/ichaehyeon/문서_디스크/문서들/Recommender_Systems_PPT/Course1/week2/assignment/nonpers-assignment/data/movies.csv
19:47:00.116 INFO [main] org.lenskit.data.dao.file.TextEntitySource: loading text file source movies to read from file:/Users/ichaehyeon/문서_디스크/문서들/Recommender_Systems_PPT/Course1/week2/assignment/nonpers-assignment/data/movies.csv
19:47:00.116 DEBUG [main] org.lenskit.data.dao.file.TextEntitySource: movies: using delimiter ,
19:47:00.116 DEBUG [main] org.lenskit.data.dao.file.TextEntitySource: movies: reading header
19:47:00.117 DEBUG [main] org.lenskit.data.dao.file.TextEntitySource: movies: reading entities of type EntityType[item]
19:47:00.117 DEBUG [main] org.lenskit.data.dao.file.TextEntitySource: class org.lenskit.data.entities.BasicEntityBuilder: using entity builder {}
19:47:00.117 DEBUG [main] org.lenskit.data.dao.file.TextEntitySource: loading source tags with base URI file:/Users/ichaehyeon/문서_디스크/문서들/Recommender_Systems_PPT/Course1/week2/assignment/nonpers-assignment/data/movielens.yml
19:47:00.117 DEBUG [main] org.lenskit.data.dao.file.TextEntitySource: resolved file URI: file:/Users/ichaehyeon/문서_디스크/문서들/Recommender_Systems_PPT/Course1/week2/assignment/nonpers-assignment/data/tags.csv
19:47:00.117 INFO [main] org.lenskit.data.dao.file.TextEntitySource: loading text file source tags to read from file:/Users/ichaehyeon/문서_디스크/문서들/Recommender_Systems_PPT/Course1/week2/assignment/nonpers-assignment/data/tags.csv
19:47:00.118 DEBUG [main] org.lenskit.data.dao.file.TextEntitySource: tags: using delimiter ,
19:47:00.118 DEBUG [main] org.lenskit.data.dao.file.TextEntitySource: tags: reading header
19:47:00.118 DEBUG [main] org.lenskit.data.dao.file.TextEntitySource: tags: reading entities of type EntityType[item-tag]
19:47:00.118 DEBUG [main] org.lenskit.data.dao.file.TextEntitySource: class org.lenskit.data.entities.BasicEntityBuilder: using entity builder {}
19:47:00.125 DEBUG [main] org.lenskit.LenskitRecommenderEngineBuilder: building graph from 3 configurations
19:47:00.225 DEBUG [main] org.lenskit.inject.RecommenderInstantiator: replacing nodes in graph with 9 nodes
19:47:00.234 DEBUG [main] org.lenskit.inject.RecommenderInstantiator: found 5 shared nodes
19:47:02.220 INFO [main] org.lenskit.data.dao.file.StaticDataSource: deriving entity type EntityType[user] from EntityType[rating] (column TypedName[user: long])
19:47:02.378 INFO [main] org.lenskit.data.dao.file.StaticDataSource: deriving entity type EntityType[item] from EntityType[rating] (column TypedName[item: long])
19:47:02.435 DEBUG [main] org.lenskit.data.entities.EntityCollectionBuilder: built collection of 2500 entities with type EntityType[item] and 2 indexes
19:47:02.488 DEBUG [main] org.lenskit.data.entities.EntityCollectionBuilder: built collection of 264505 entities with type EntityType[rating] and 2 indexes
19:47:02.506 DEBUG [main] org.lenskit.data.entities.EntityCollectionBuilder: built collection of 94875 entities with type EntityType[item-tag] and 2 indexes
19:47:02.507 DEBUG [main] org.lenskit.data.entities.EntityCollectionBuilder: built collection of 862 entities with type EntityType[user] and 2 indexes
19:47:02.678 INFO [main] org.lenskit.mooc.nonpers.mean.ItemMeanModelProvider: computed mean ratings for 2500 items
19:47:02.696 DEBUG [main] org.lenskit.inject.RecommenderInstantiator: final graph has 9 nodes
19:47:02.708 INFO [main] org.lenskit.cli.util.RecommenderLoader: built recommender in 2.583 s
19:47:02.715 INFO [main] org.lenskit.cli.commands.GlobalRecommend: using 0 reference items: []
19:47:02.717 INFO [main] org.lenskit.mooc.nonpers.mean.MeanItemBasedItemRecommender: computing 10 recommendations from 2500 items
19:47:02.750 INFO [main] org.lenskit.cli.commands.GlobalRecommend: recommended in 35.02 ms
19:47:02.751 INFO [main] org.lenskit.cli.Main: If you use LensKit in published research, please see http://lenskit.org/research/
