11:08:21.052 INFO [main] org.lenskit.cli.Main: Starting LensKit 3.0-M1 on Java 1.8.0_181 from Oracle Corporation
11:08:21.094 DEBUG [main] org.lenskit.LenskitInfo: have 5573 active revisions
11:08:21.100 DEBUG [main] org.lenskit.cli.Main: Built from Git revision c0210fa3281ef8b15b0959bcd5fced43c5fec38a
11:08:21.101 DEBUG [main] org.lenskit.cli.Main: Using VM 'Java HotSpot(TM) 64-Bit Server VM' version 25.181-b13 from Oracle Corporation
11:08:21.101 INFO [main] org.lenskit.cli.Main: Have 4 processors and heap limit of 1820 MiB
11:08:21.126 INFO [main] org.lenskit.cli.util.RecommenderLoader: creating fresh recommender
11:08:21.559 INFO [main] org.lenskit.config.ConfigurationLoader: loading script from file:/Users/ichaehyeon/문서_디스크/문서들/Recommender_Systems_PPT/Course1/week2/assignment/nonpers-assignment/etc/damped-mean.groovy
11:08:22.313 DEBUG [main] org.lenskit.data.dao.file.TextEntitySource: loading source ratings with base URI file:/Users/ichaehyeon/문서_디스크/문서들/Recommender_Systems_PPT/Course1/week2/assignment/nonpers-assignment/data/movielens.yml
11:08:22.314 DEBUG [main] org.lenskit.data.dao.file.TextEntitySource: resolved file URI: file:/Users/ichaehyeon/문서_디스크/문서들/Recommender_Systems_PPT/Course1/week2/assignment/nonpers-assignment/data/ratings.csv
11:08:22.332 INFO [main] org.lenskit.data.dao.file.TextEntitySource: loading text file source ratings to read from file:/Users/ichaehyeon/문서_디스크/문서들/Recommender_Systems_PPT/Course1/week2/assignment/nonpers-assignment/data/ratings.csv
11:08:22.340 DEBUG [main] org.lenskit.data.dao.file.TextEntitySource: ratings: using delimiter ,
11:08:22.340 DEBUG [main] org.lenskit.data.dao.file.TextEntitySource: ratings: reading header
11:08:22.340 DEBUG [main] org.lenskit.data.dao.file.TextEntitySource: ratings: reading entities of type EntityType[rating]
11:08:22.402 DEBUG [main] org.lenskit.data.dao.file.TextEntitySource: class org.lenskit.data.ratings.RatingBuilder: using entity builder {}
11:08:22.402 DEBUG [main] org.lenskit.data.dao.file.TextEntitySource: loading source movies with base URI file:/Users/ichaehyeon/문서_디스크/문서들/Recommender_Systems_PPT/Course1/week2/assignment/nonpers-assignment/data/movielens.yml
11:08:22.402 DEBUG [main] org.lenskit.data.dao.file.TextEntitySource: resolved file URI: file:/Users/ichaehyeon/문서_디스크/문서들/Recommender_Systems_PPT/Course1/week2/assignment/nonpers-assignment/data/movies.csv
11:08:22.402 INFO [main] org.lenskit.data.dao.file.TextEntitySource: loading text file source movies to read from file:/Users/ichaehyeon/문서_디스크/문서들/Recommender_Systems_PPT/Course1/week2/assignment/nonpers-assignment/data/movies.csv
11:08:22.402 DEBUG [main] org.lenskit.data.dao.file.TextEntitySource: movies: using delimiter ,
11:08:22.402 DEBUG [main] org.lenskit.data.dao.file.TextEntitySource: movies: reading header
11:08:22.402 DEBUG [main] org.lenskit.data.dao.file.TextEntitySource: movies: reading entities of type EntityType[item]
11:08:22.403 DEBUG [main] org.lenskit.data.dao.file.TextEntitySource: class org.lenskit.data.entities.BasicEntityBuilder: using entity builder {}
11:08:22.403 DEBUG [main] org.lenskit.data.dao.file.TextEntitySource: loading source tags with base URI file:/Users/ichaehyeon/문서_디스크/문서들/Recommender_Systems_PPT/Course1/week2/assignment/nonpers-assignment/data/movielens.yml
11:08:22.403 DEBUG [main] org.lenskit.data.dao.file.TextEntitySource: resolved file URI: file:/Users/ichaehyeon/문서_디스크/문서들/Recommender_Systems_PPT/Course1/week2/assignment/nonpers-assignment/data/tags.csv
11:08:22.403 INFO [main] org.lenskit.data.dao.file.TextEntitySource: loading text file source tags to read from file:/Users/ichaehyeon/문서_디스크/문서들/Recommender_Systems_PPT/Course1/week2/assignment/nonpers-assignment/data/tags.csv
11:08:22.403 DEBUG [main] org.lenskit.data.dao.file.TextEntitySource: tags: using delimiter ,
11:08:22.403 DEBUG [main] org.lenskit.data.dao.file.TextEntitySource: tags: reading header
11:08:22.404 DEBUG [main] org.lenskit.data.dao.file.TextEntitySource: tags: reading entities of type EntityType[item-tag]
11:08:22.404 DEBUG [main] org.lenskit.data.dao.file.TextEntitySource: class org.lenskit.data.entities.BasicEntityBuilder: using entity builder {}
11:08:22.408 DEBUG [main] org.lenskit.LenskitRecommenderEngineBuilder: building graph from 3 configurations
11:08:22.493 DEBUG [main] org.lenskit.inject.RecommenderInstantiator: replacing nodes in graph with 10 nodes
11:08:22.500 DEBUG [main] org.lenskit.inject.RecommenderInstantiator: found 6 shared nodes
11:08:24.716 INFO [main] org.lenskit.data.dao.file.StaticDataSource: deriving entity type EntityType[user] from EntityType[rating] (column TypedName[user: long])
11:08:24.834 INFO [main] org.lenskit.data.dao.file.StaticDataSource: deriving entity type EntityType[item] from EntityType[rating] (column TypedName[item: long])
11:08:24.888 DEBUG [main] org.lenskit.data.entities.EntityCollectionBuilder: built collection of 2500 entities with type EntityType[item] and 2 indexes
11:08:24.919 DEBUG [main] org.lenskit.data.entities.EntityCollectionBuilder: built collection of 264505 entities with type EntityType[rating] and 2 indexes
11:08:24.945 DEBUG [main] org.lenskit.data.entities.EntityCollectionBuilder: built collection of 94875 entities with type EntityType[item-tag] and 2 indexes
11:08:24.946 DEBUG [main] org.lenskit.data.entities.EntityCollectionBuilder: built collection of 862 entities with type EntityType[user] and 2 indexes
11:08:25.019 INFO [main] org.lenskit.mooc.nonpers.mean.DampedItemMeanModelProvider: computed damped mean ratings for 2500 items
11:08:25.031 DEBUG [main] org.lenskit.inject.RecommenderInstantiator: final graph has 10 nodes
11:08:25.033 INFO [main] org.lenskit.cli.util.RecommenderLoader: built recommender in 2.625 s
11:08:25.038 INFO [main] org.lenskit.cli.commands.GlobalRecommend: using 0 reference items: []
11:08:25.039 INFO [main] org.lenskit.mooc.nonpers.mean.MeanItemBasedItemRecommender: computing 10 recommendations from 2500 items
11:08:25.044 INFO [main] org.lenskit.cli.commands.GlobalRecommend: recommended in 6.188 ms
11:08:25.045 INFO [main] org.lenskit.cli.Main: If you use LensKit in published research, please see http://lenskit.org/research/
