19:40:53.741 INFO [main] org.lenskit.cli.Main: Starting LensKit 3.0-M1 on Java 1.8.0_181 from Oracle Corporation
19:40:53.773 DEBUG [main] org.lenskit.LenskitInfo: have 5573 active revisions
19:40:53.782 DEBUG [main] org.lenskit.cli.Main: Built from Git revision c0210fa3281ef8b15b0959bcd5fced43c5fec38a
19:40:53.782 DEBUG [main] org.lenskit.cli.Main: Using VM 'Java HotSpot(TM) 64-Bit Server VM' version 25.181-b13 from Oracle Corporation
19:40:53.782 INFO [main] org.lenskit.cli.Main: Have 4 processors and heap limit of 1820 MiB
19:40:53.803 INFO [main] org.lenskit.cli.util.RecommenderLoader: creating fresh recommender
19:40:54.206 INFO [main] org.lenskit.config.ConfigurationLoader: loading script from file:/Users/ichaehyeon/문서_디스크/문서들/Recommender_Systems_PPT/Course1/week2/assignment/nonpers-assignment/etc/simple-assoc.groovy
19:40:54.922 DEBUG [main] org.lenskit.data.dao.file.TextEntitySource: loading source ratings with base URI file:/Users/ichaehyeon/문서_디스크/문서들/Recommender_Systems_PPT/Course1/week2/assignment/nonpers-assignment/data/movielens.yml
19:40:54.922 DEBUG [main] org.lenskit.data.dao.file.TextEntitySource: resolved file URI: file:/Users/ichaehyeon/문서_디스크/문서들/Recommender_Systems_PPT/Course1/week2/assignment/nonpers-assignment/data/ratings.csv
19:40:54.943 INFO [main] org.lenskit.data.dao.file.TextEntitySource: loading text file source ratings to read from file:/Users/ichaehyeon/문서_디스크/문서들/Recommender_Systems_PPT/Course1/week2/assignment/nonpers-assignment/data/ratings.csv
19:40:54.950 DEBUG [main] org.lenskit.data.dao.file.TextEntitySource: ratings: using delimiter ,
19:40:54.950 DEBUG [main] org.lenskit.data.dao.file.TextEntitySource: ratings: reading header
19:40:54.950 DEBUG [main] org.lenskit.data.dao.file.TextEntitySource: ratings: reading entities of type EntityType[rating]
19:40:55.001 DEBUG [main] org.lenskit.data.dao.file.TextEntitySource: class org.lenskit.data.ratings.RatingBuilder: using entity builder {}
19:40:55.002 DEBUG [main] org.lenskit.data.dao.file.TextEntitySource: loading source movies with base URI file:/Users/ichaehyeon/문서_디스크/문서들/Recommender_Systems_PPT/Course1/week2/assignment/nonpers-assignment/data/movielens.yml
19:40:55.003 DEBUG [main] org.lenskit.data.dao.file.TextEntitySource: resolved file URI: file:/Users/ichaehyeon/문서_디스크/문서들/Recommender_Systems_PPT/Course1/week2/assignment/nonpers-assignment/data/movies.csv
19:40:55.003 INFO [main] org.lenskit.data.dao.file.TextEntitySource: loading text file source movies to read from file:/Users/ichaehyeon/문서_디스크/문서들/Recommender_Systems_PPT/Course1/week2/assignment/nonpers-assignment/data/movies.csv
19:40:55.003 DEBUG [main] org.lenskit.data.dao.file.TextEntitySource: movies: using delimiter ,
19:40:55.003 DEBUG [main] org.lenskit.data.dao.file.TextEntitySource: movies: reading header
19:40:55.003 DEBUG [main] org.lenskit.data.dao.file.TextEntitySource: movies: reading entities of type EntityType[item]
19:40:55.004 DEBUG [main] org.lenskit.data.dao.file.TextEntitySource: class org.lenskit.data.entities.BasicEntityBuilder: using entity builder {}
19:40:55.004 DEBUG [main] org.lenskit.data.dao.file.TextEntitySource: loading source tags with base URI file:/Users/ichaehyeon/문서_디스크/문서들/Recommender_Systems_PPT/Course1/week2/assignment/nonpers-assignment/data/movielens.yml
19:40:55.004 DEBUG [main] org.lenskit.data.dao.file.TextEntitySource: resolved file URI: file:/Users/ichaehyeon/문서_디스크/문서들/Recommender_Systems_PPT/Course1/week2/assignment/nonpers-assignment/data/tags.csv
19:40:55.004 INFO [main] org.lenskit.data.dao.file.TextEntitySource: loading text file source tags to read from file:/Users/ichaehyeon/문서_디스크/문서들/Recommender_Systems_PPT/Course1/week2/assignment/nonpers-assignment/data/tags.csv
19:40:55.004 DEBUG [main] org.lenskit.data.dao.file.TextEntitySource: tags: using delimiter ,
19:40:55.004 DEBUG [main] org.lenskit.data.dao.file.TextEntitySource: tags: reading header
19:40:55.004 DEBUG [main] org.lenskit.data.dao.file.TextEntitySource: tags: reading entities of type EntityType[item-tag]
19:40:55.005 DEBUG [main] org.lenskit.data.dao.file.TextEntitySource: class org.lenskit.data.entities.BasicEntityBuilder: using entity builder {}
19:40:55.008 DEBUG [main] org.lenskit.LenskitRecommenderEngineBuilder: building graph from 3 configurations
19:40:55.095 DEBUG [main] org.lenskit.inject.RecommenderInstantiator: replacing nodes in graph with 9 nodes
19:40:55.100 DEBUG [main] org.lenskit.inject.RecommenderInstantiator: found 5 shared nodes
19:40:57.346 INFO [main] org.lenskit.data.dao.file.StaticDataSource: deriving entity type EntityType[user] from EntityType[rating] (column TypedName[user: long])
19:40:58.154 INFO [main] org.lenskit.data.dao.file.StaticDataSource: deriving entity type EntityType[item] from EntityType[rating] (column TypedName[item: long])
19:40:58.190 DEBUG [main] org.lenskit.data.entities.EntityCollectionBuilder: built collection of 2500 entities with type EntityType[item] and 2 indexes
19:40:58.222 DEBUG [main] org.lenskit.data.entities.EntityCollectionBuilder: built collection of 264505 entities with type EntityType[rating] and 2 indexes
19:40:58.235 DEBUG [main] org.lenskit.data.entities.EntityCollectionBuilder: built collection of 94875 entities with type EntityType[item-tag] and 2 indexes
19:40:58.236 DEBUG [main] org.lenskit.data.entities.EntityCollectionBuilder: built collection of 862 entities with type EntityType[user] and 2 indexes
19:41:30.934 DEBUG [main] org.lenskit.mooc.nonpers.assoc.AssociationModel: transforming input map for 2500 items into log data
19:41:31.236 DEBUG [main] org.lenskit.inject.RecommenderInstantiator: final graph has 9 nodes
19:41:31.237 INFO [main] org.lenskit.cli.util.RecommenderLoader: built recommender in 36.23 s
19:41:31.242 INFO [main] org.lenskit.cli.commands.GlobalRecommend: using 1 reference items: [260]
19:41:31.264 INFO [main] org.lenskit.cli.commands.GlobalRecommend: recommended in 21.42 ms
19:41:31.265 INFO [main] org.lenskit.cli.Main: If you use LensKit in published research, please see http://lenskit.org/research/
